<?xml version="1.0" encoding="UTF-8"?>
<!-- Generated by org.testng.reporters.JUnitReportReporter -->
<testsuite skipped="0" hostname="DESKTOP-HM5G61C" name="com.starwars.testcases.HomePageTest" tests="3" failures="0" timestamp="2019-09-28T12:41:10 EDT" time="28.512" errors="0">
  <testcase name="homePage" time="8.593" classname="com.starwars.testcases.HomePageTest"/>
  <testcase name="filmsPage" time="10.928" classname="com.starwars.testcases.HomePageTest"/>
  <testcase name="videoPage" time="8.991" classname="com.starwars.testcases.HomePageTest"/>
</testsuite> <!-- com.starwars.testcases.HomePageTest -->
