<?xml version="1.0" encoding="UTF-8"?>
<!-- Generated by org.testng.reporters.JUnitReportReporter -->
<testsuite skipped="0" hostname="Admins-MacBook-Pro.local" name="com.trademark.testcases.HomePageTest" tests="1" failures="0" timestamp="2019-10-02T18:12:45 EDT" time="15.589" errors="0">
  <testcase name="homePageOne" time="15.589" classname="com.trademark.testcases.HomePageTest"/>
</testsuite> <!-- com.trademark.testcases.HomePageTest -->
